Build started 2015-11-20 00:43:20.
     1>Project "D:\MuDokumenty\x-team\pliki\SOURCE EDIT MUEMU\Client_EX603\Client\Client.vcxproj" on node 2 (rebuild target(s)).
     1>_PrepareForClean:
         Deleting file "Release\Client.lastbuildstate".
       InitializeBuildStatus:
         Creating "Release\Client.unsuccessfulbuild" because "AlwaysCreate" was specified.
       ClCompile:
         C:\Program Files (x86)\Microsoft Visual Studio 10.0\VC\bin\CL.exe /c /Zi /nologo /W3 /WX- /O2 /Oi /Oy- /GL /D WIN32 /D NDEBUG /D _WINDOWS /D _USRDLL /D CLIENT_EXPORTS /D _WINDLL /D _MBCS /Gm- /EHsc /MT /GS /Gy /fp:precise /Zc:wchar_t /Zc:forScope /Yc"StdAfx.h" /Fp"Release\Client.pch" /Fo"Release\\" /Fd"Release\vc100.pdb" /Gd /TP /analyze- /errorReport:prompt stdafx.cpp
         stdafx.cpp
         C:\Program Files (x86)\Microsoft Visual Studio 10.0\VC\bin\CL.exe /c /Zi /nologo /W3 /WX- /O2 /Oi /Oy- /GL /D WIN32 /D NDEBUG /D _WINDOWS /D _USRDLL /D CLIENT_EXPORTS /D _WINDLL /D _MBCS /Gm- /EHsc /MT /GS /Gy /fp:precise /Zc:wchar_t /Zc:forScope /Yu"StdAfx.h" /Fp"Release\Client.pch" /Fo"Release\\" /Fd"Release\vc100.pdb" /Gd /TP /analyze- /errorReport:prompt Camera.cpp ChatWindow.cpp Client.cpp TrayMode.cpp Util.cpp
         Camera.cpp
         ChatWindow.cpp
         Client.cpp
         TrayMode.cpp
         Util.cpp
       ResourceCompile:
         C:\Program Files (x86)\Microsoft SDKs\Windows\v7.0A\bin\rc.exe /l"0x0409" /nologo /fo"Release\Client.res" Client.rc 
       Link:
         C:\Program Files (x86)\Microsoft Visual Studio 10.0\VC\bin\link.exe /ERRORREPORT:PROMPT /OUT:"D:\MuDokumenty\x-team\pliki\SOURCE EDIT MUEMU\Client_EX603\Release\Client.dll" /INCREMENTAL:NO /NOLOGO kernel32.lib user32.lib gdi32.lib winspool.lib comdlg32.lib advapi32.lib shell32.lib ole32.lib oleaut32.lib uuid.lib odbc32.lib odbccp32.lib /MANIFEST /ManifestFile:"Release\Client.dll.intermediate.manifest" /MANIFESTUAC:"level='asInvoker' uiAccess='false'" /DEBUG /PDB:"D:\MuDokumenty\x-team\pliki\SOURCE EDIT MUEMU\Client_EX603\Release\Client.pdb" /SUBSYSTEM:WINDOWS /OPT:REF /OPT:ICF /LTCG /TLBID:1 /DYNAMICBASE /NXCOMPAT /IMPLIB:"D:\MuDokumenty\x-team\pliki\SOURCE EDIT MUEMU\Client_EX603\Release\Client.lib" /MACHINE:X86 /DLL Release\Client.res
         Release\Camera.obj
         Release\ChatWindow.obj
         Release\Client.obj
         Release\stdafx.obj
         Release\TrayMode.obj
         Release\Util.obj
         Generating code
         Finished generating code
         Client.vcxproj -> D:\MuDokumenty\x-team\pliki\SOURCE EDIT MUEMU\Client_EX603\Release\Client.dll
       Manifest:
         C:\Program Files (x86)\Microsoft SDKs\Windows\v7.0A\bin\mt.exe /nologo /verbose /outputresource:"D:\MuDokumenty\x-team\pliki\SOURCE EDIT MUEMU\Client_EX603\Release\Client.dll;#2" /manifest Release\Client.dll.intermediate.manifest
       FinalizeBuildStatus:
         Deleting file "Release\Client.unsuccessfulbuild".
         Touching "Release\Client.lastbuildstate".
     1>Done Building Project "D:\MuDokumenty\x-team\pliki\SOURCE EDIT MUEMU\Client_EX603\Client\Client.vcxproj" (rebuild target(s)).

Build succeeded.

Time Elapsed 00:00:00.83
