D:\MUDOKUMENTY\X-TEAM\PLIKI\SOURCE EDIT MUEMU\CLIENT_EX603\CLIENT\RELEASE\CAMERA.OBJ
D:\MUDOKUMENTY\X-TEAM\PLIKI\SOURCE EDIT MUEMU\CLIENT_EX603\CLIENT\RELEASE\CHATWINDOW.OBJ
D:\MuDokumenty\x-team\pliki\SOURCE EDIT MUEMU\Client_EX603\Client\Release\cl.command.1.tlog
D:\MuDokumenty\x-team\pliki\SOURCE EDIT MUEMU\Client_EX603\Client\Release\CL.read.1.tlog
D:\MuDokumenty\x-team\pliki\SOURCE EDIT MUEMU\Client_EX603\Client\Release\CL.write.1.tlog
D:\MUDOKUMENTY\X-TEAM\PLIKI\SOURCE EDIT MUEMU\CLIENT_EX603\CLIENT\RELEASE\CLIENT.DLL.INTERMEDIATE.MANIFEST
D:\MUDOKUMENTY\X-TEAM\PLIKI\SOURCE EDIT MUEMU\CLIENT_EX603\CLIENT\RELEASE\CLIENT.OBJ
D:\MUDOKUMENTY\X-TEAM\PLIKI\SOURCE EDIT MUEMU\CLIENT_EX603\CLIENT\RELEASE\CLIENT.PCH
D:\MUDOKUMENTY\X-TEAM\PLIKI\SOURCE EDIT MUEMU\CLIENT_EX603\CLIENT\RELEASE\CLIENT.RES
D:\MuDokumenty\x-team\pliki\SOURCE EDIT MUEMU\Client_EX603\Client\Release\Client.vcxprojResolveAssemblyReference.cache
D:\MuDokumenty\x-team\pliki\SOURCE EDIT MUEMU\Client_EX603\Client\Release\Client.write.1.tlog
D:\MuDokumenty\x-team\pliki\SOURCE EDIT MUEMU\Client_EX603\Client\Release\link.command.1.tlog
D:\MuDokumenty\x-team\pliki\SOURCE EDIT MUEMU\Client_EX603\Client\Release\link.read.1.tlog
D:\MuDokumenty\x-team\pliki\SOURCE EDIT MUEMU\Client_EX603\Client\Release\link.write.1.tlog
D:\MuDokumenty\x-team\pliki\SOURCE EDIT MUEMU\Client_EX603\Client\Release\link-cvtres.read.1.tlog
D:\MuDokumenty\x-team\pliki\SOURCE EDIT MUEMU\Client_EX603\Client\Release\link-cvtres.write.1.tlog
D:\MuDokumenty\x-team\pliki\SOURCE EDIT MUEMU\Client_EX603\Client\Release\mt.command.1.tlog
D:\MuDokumenty\x-team\pliki\SOURCE EDIT MUEMU\Client_EX603\Client\Release\mt.read.1.tlog
D:\MuDokumenty\x-team\pliki\SOURCE EDIT MUEMU\Client_EX603\Client\Release\mt.write.1.tlog
D:\MuDokumenty\x-team\pliki\SOURCE EDIT MUEMU\Client_EX603\Client\Release\rc.command.1.tlog
D:\MuDokumenty\x-team\pliki\SOURCE EDIT MUEMU\Client_EX603\Client\Release\rc.read.1.tlog
D:\MuDokumenty\x-team\pliki\SOURCE EDIT MUEMU\Client_EX603\Client\Release\rc.write.1.tlog
D:\MUDOKUMENTY\X-TEAM\PLIKI\SOURCE EDIT MUEMU\CLIENT_EX603\CLIENT\RELEASE\STDAFX.OBJ
D:\MUDOKUMENTY\X-TEAM\PLIKI\SOURCE EDIT MUEMU\CLIENT_EX603\CLIENT\RELEASE\TRAYMODE.OBJ
D:\MUDOKUMENTY\X-TEAM\PLIKI\SOURCE EDIT MUEMU\CLIENT_EX603\CLIENT\RELEASE\UTIL.OBJ
D:\MUDOKUMENTY\X-TEAM\PLIKI\SOURCE EDIT MUEMU\CLIENT_EX603\CLIENT\RELEASE\VC100.PDB
D:\MUDOKUMENTY\X-TEAM\PLIKI\SOURCE EDIT MUEMU\CLIENT_EX603\RELEASE\CLIENT.DLL
D:\MUDOKUMENTY\X-TEAM\PLIKI\SOURCE EDIT MUEMU\CLIENT_EX603\RELEASE\CLIENT.PDB
