C:\X-TEAM STUDIO\SOURCE\CLIENT_EX603\CLIENT\DEBUG\CAMERA.OBJ
C:\X-TEAM STUDIO\SOURCE\CLIENT_EX603\CLIENT\DEBUG\CHATWINDOW.OBJ
C:\X-Team Studio\SOURCE\Client_EX603\Client\Debug\cl.command.1.tlog
C:\X-Team Studio\SOURCE\Client_EX603\Client\Debug\CL.read.1.tlog
C:\X-Team Studio\SOURCE\Client_EX603\Client\Debug\CL.write.1.tlog
C:\X-TEAM STUDIO\SOURCE\CLIENT_EX603\CLIENT\DEBUG\CLIENT.DLL.EMBED.MANIFEST
C:\X-TEAM STUDIO\SOURCE\CLIENT_EX603\CLIENT\DEBUG\CLIENT.DLL.EMBED.MANIFEST.RES
C:\X-TEAM STUDIO\SOURCE\CLIENT_EX603\CLIENT\DEBUG\CLIENT.DLL.INTERMEDIATE.MANIFEST
C:\X-TEAM STUDIO\SOURCE\CLIENT_EX603\CLIENT\DEBUG\CLIENT.OBJ
C:\X-TEAM STUDIO\SOURCE\CLIENT_EX603\CLIENT\DEBUG\CLIENT.PCH
C:\X-TEAM STUDIO\SOURCE\CLIENT_EX603\CLIENT\DEBUG\CLIENT.RES
C:\X-Team Studio\SOURCE\Client_EX603\Client\Debug\Client.write.1.tlog
C:\X-Team Studio\SOURCE\Client_EX603\Client\Debug\Client_manifest.rc
C:\X-Team Studio\SOURCE\Client_EX603\Client\Debug\link.command.1.tlog
C:\X-Team Studio\SOURCE\Client_EX603\Client\Debug\link.read.1.tlog
C:\X-Team Studio\SOURCE\Client_EX603\Client\Debug\link.write.1.tlog
C:\X-Team Studio\SOURCE\Client_EX603\Client\Debug\link-cvtres.read.1.tlog
C:\X-Team Studio\SOURCE\Client_EX603\Client\Debug\link-cvtres.write.1.tlog
C:\X-Team Studio\SOURCE\Client_EX603\Client\Debug\mt.command.1.tlog
C:\X-Team Studio\SOURCE\Client_EX603\Client\Debug\mt.read.1.tlog
C:\X-Team Studio\SOURCE\Client_EX603\Client\Debug\mt.write.1.tlog
C:\X-Team Studio\SOURCE\Client_EX603\Client\Debug\rc.command.1.tlog
C:\X-Team Studio\SOURCE\Client_EX603\Client\Debug\rc.read.1.tlog
C:\X-Team Studio\SOURCE\Client_EX603\Client\Debug\rc.write.1.tlog
C:\X-TEAM STUDIO\SOURCE\CLIENT_EX603\CLIENT\DEBUG\STDAFX.OBJ
C:\X-TEAM STUDIO\SOURCE\CLIENT_EX603\CLIENT\DEBUG\TRAYMODE.OBJ
C:\X-TEAM STUDIO\SOURCE\CLIENT_EX603\CLIENT\DEBUG\UTIL.OBJ
C:\X-Team Studio\SOURCE\Client_EX603\Client\Debug\vc100.idb
C:\X-TEAM STUDIO\SOURCE\CLIENT_EX603\CLIENT\DEBUG\VC100.PDB
C:\X-TEAM STUDIO\SOURCE\CLIENT_EX603\DEBUG\CLIENT.DLL
C:\X-TEAM STUDIO\SOURCE\CLIENT_EX603\DEBUG\CLIENT.ILK
C:\X-TEAM STUDIO\SOURCE\CLIENT_EX603\DEBUG\CLIENT.PDB
